{"level":"info","message":"Server running on port 3000","timestamp":"2024-12-09T05:10:54.671Z"}
{"level":"info","message":"Server running on port 3001","timestamp":"2024-12-09T05:11:33.476Z"}
{"level":"info","message":"Server running on port 3001","timestamp":"2024-12-09T05:12:30.364Z"}
{"level":"error","message":"Login error: KiteConnect is not a constructor","stack":"TypeError: KiteConnect is not a constructor\n    at file:///Users/AH18616/Downloads/zerodhaalgotrade/server/index.js:47:18\n    at Layer.handle [as handle_request] (/Users/AH18616/Downloads/zerodhaalgotrade/node_modules/express/lib/router/layer.js:95:5)\n    at next (/Users/AH18616/Downloads/zerodhaalgotrade/node_modules/express/lib/router/route.js:149:13)\n    at Route.dispatch (/Users/AH18616/Downloads/zerodhaalgotrade/node_modules/express/lib/router/route.js:119:3)\n    at Layer.handle [as handle_request] (/Users/AH18616/Downloads/zerodhaalgotrade/node_modules/express/lib/router/layer.js:95:5)\n    at /Users/AH18616/Downloads/zerodhaalgotrade/node_modules/express/lib/router/index.js:284:15\n    at Function.process_params (/Users/AH18616/Downloads/zerodhaalgotrade/node_modules/express/lib/router/index.js:346:12)\n    at next (/Users/AH18616/Downloads/zerodhaalgotrade/node_modules/express/lib/router/index.js:280:10)\n    at /Users/AH18616/Downloads/zerodhaalgotrade/node_modules/body-parser/lib/read.js:137:5\n    at AsyncResource.runInAsyncScope (node:async_hooks:199:9)","timestamp":"2024-12-09T06:13:37.643Z"}
{"level":"info","message":"Server running on port 3001","timestamp":"2024-12-09T06:14:43.443Z"}
{"data":null,"error_type":"NetworkException","level":"error","message":"Callback error: No response from server with error code: SELF_SIGNED_CERT_IN_CHAIN","timestamp":"2024-12-09T06:15:41.689Z"}
{"data":null,"error_type":"NetworkException","level":"error","message":"Callback error: No response from server with error code: SELF_SIGNED_CERT_IN_CHAIN","timestamp":"2024-12-09T06:15:41.692Z"}
{"level":"info","message":"Server running on port 3001","timestamp":"2024-12-09T06:41:03.871Z"}
{"data":null,"error_type":"NetworkException","level":"error","message":"Callback error: No response from server with error code: SELF_SIGNED_CERT_IN_CHAIN","timestamp":"2024-12-09T06:45:56.012Z"}
{"data":null,"error_type":"NetworkException","level":"error","message":"Callback error: No response from server with error code: SELF_SIGNED_CERT_IN_CHAIN","timestamp":"2024-12-09T06:45:56.047Z"}
{"data":null,"error_type":"NetworkException","level":"error","message":"Callback error: No response from server with error code: SELF_SIGNED_CERT_IN_CHAIN","timestamp":"2024-12-09T06:51:09.763Z"}
{"data":null,"error_type":"NetworkException","level":"error","message":"Callback error: No response from server with error code: SELF_SIGNED_CERT_IN_CHAIN","timestamp":"2024-12-09T06:51:09.782Z"}
{"level":"info","message":"Server running on port 3001","timestamp":"2024-12-09T06:57:10.966Z"}
{"data":null,"error_type":"TokenException","level":"error","message":"Callback error: Token is invalid or has expired.","status":"error","timestamp":"2024-12-09T06:59:32.839Z"}
{"data":null,"error_type":"TokenException","level":"error","message":"Callback error: Token is invalid or has expired.","status":"error","timestamp":"2024-12-09T07:07:40.797Z"}
{"data":null,"error_type":"TokenException","level":"error","message":"Callback error: Token is invalid or has expired.","status":"error","timestamp":"2024-12-09T07:13:02.018Z"}
{"level":"info","message":"Server running on port 3001","timestamp":"2024-12-24T03:53:48.370Z"}
{"data":null,"error_type":"InputException","level":"error","message":"Get positions error: Invalid `api_key` or `access_token`.","status":"error","timestamp":"2024-12-24T03:54:38.063Z"}
{"data":null,"error_type":"TokenException","level":"error","message":"Callback error: Token is invalid or has expired.","status":"error","timestamp":"2024-12-24T03:54:58.768Z"}
{"data":null,"error_type":"InputException","level":"error","message":"Get positions error: Invalid `api_key` or `access_token`.","status":"error","timestamp":"2024-12-24T03:54:58.842Z"}
{"level":"info","message":"Server running on port 3001","timestamp":"2024-12-24T04:41:45.947Z"}
{"data":null,"error_type":"InputException","level":"error","message":"Get positions error: Invalid `api_key` or `access_token`.","status":"error","timestamp":"2024-12-24T04:42:08.526Z"}
{"data":null,"error_type":"TokenException","level":"error","message":"Callback error: Token is invalid or has expired.","status":"error","timestamp":"2024-12-24T04:42:25.310Z"}
{"data":null,"error_type":"InputException","level":"error","message":"Get positions error: Invalid `api_key` or `access_token`.","status":"error","timestamp":"2024-12-24T04:42:25.375Z"}
